c:\users\joang\documents\master\toolscripts\mvd_toolscripting\finalwork\alun_alberto_tools\visual_studio\x64\debug\vc141.pdb
c:\users\joang\documents\master\toolscripts\mvd_toolscripting\finalwork\alun_alberto_tools\visual_studio\x64\debug\vc141.idb
c:\users\joang\documents\master\toolscripts\mvd_toolscripting\finalwork\alun_alberto_tools\visual_studio\x64\debug\scriptsystem.obj
c:\users\joang\documents\master\toolscripts\mvd_toolscripting\finalwork\alun_alberto_tools\visual_studio\x64\debug\rendertotexture.obj
c:\users\joang\documents\master\toolscripts\mvd_toolscripting\finalwork\alun_alberto_tools\visual_studio\x64\debug\parsers.obj
c:\users\joang\documents\master\toolscripts\mvd_toolscripting\finalwork\alun_alberto_tools\visual_studio\x64\debug\main.obj
c:\users\joang\documents\master\toolscripts\mvd_toolscripting\finalwork\alun_alberto_tools\visual_studio\x64\debug\linmath.obj
c:\users\joang\documents\master\toolscripts\mvd_toolscripting\finalwork\alun_alberto_tools\visual_studio\x64\debug\imgui_widgets.obj
c:\users\joang\documents\master\toolscripts\mvd_toolscripting\finalwork\alun_alberto_tools\visual_studio\x64\debug\imgui_impl_opengl3.obj
c:\users\joang\documents\master\toolscripts\mvd_toolscripting\finalwork\alun_alberto_tools\visual_studio\x64\debug\imgui_impl_glfw.obj
c:\users\joang\documents\master\toolscripts\mvd_toolscripting\finalwork\alun_alberto_tools\visual_studio\x64\debug\imgui_draw.obj
c:\users\joang\documents\master\toolscripts\mvd_toolscripting\finalwork\alun_alberto_tools\visual_studio\x64\debug\imgui.obj
c:\users\joang\documents\master\toolscripts\mvd_toolscripting\finalwork\alun_alberto_tools\visual_studio\x64\debug\guisystem.obj
c:\users\joang\documents\master\toolscripts\mvd_toolscripting\finalwork\alun_alberto_tools\visual_studio\x64\debug\controlsystem.obj
c:\users\joang\documents\master\toolscripts\mvd_toolscripting\finalwork\alun_alberto_tools\visual_studio\x64\debug\graphicssystem.obj
c:\users\joang\documents\master\toolscripts\mvd_toolscripting\finalwork\alun_alberto_tools\visual_studio\x64\debug\game.obj
c:\users\joang\documents\master\toolscripts\mvd_toolscripting\finalwork\alun_alberto_tools\visual_studio\x64\debug\debugsystem.obj
c:\users\joang\documents\master\toolscripts\mvd_toolscripting\finalwork\alun_alberto_tools\visual_studio\x64\debug\comp_tag.obj
c:\users\joang\documents\master\toolscripts\mvd_toolscripting\finalwork\alun_alberto_tools\visual_studio\x64\debug\comp_rotator.obj
c:\users\joang\documents\master\toolscripts\mvd_toolscripting\finalwork\alun_alberto_tools\visual_studio\x64\debug\comp_faller.obj
c:\users\joang\documents\master\toolscripts\mvd_toolscripting\finalwork\alun_alberto_tools\visual_studio\x64\debug\components.obj
c:\users\joang\documents\master\toolscripts\mvd_toolscripting\finalwork\alun_alberto_tools\visual_studio\x64\debug\collisionsystem.obj
c:\users\joang\documents\master\toolscripts\mvd_toolscripting\finalwork\alun_alberto_tools\visual_studio\x64\debug\editorutils.obj
c:\users\joang\documents\master\toolscripts\mvd_toolscripting\finalwork\alun_alberto_tools\visual_studio\x64\debug\editorsystem.obj
c:\users\joang\documents\master\toolscripts\mvd_toolscripting\finalwork\alun_alberto_tools\visual_studio\x64\debug\editorgraphmodule.obj
c:\users\joang\documents\master\toolscripts\mvd_toolscripting\finalwork\alun_alberto_tools\visual_studio\x64\debug\shader.obj
c:\users\joang\documents\master\toolscripts\mvd_toolscripting\finalwork\alun_alberto_tools\visual_studio\x64\debug\consolemodule.obj
c:\users\joang\documents\master\toolscripts\mvd_toolscripting\finalwork\alun_alberto_tools\mvd_engine_tools.exe
c:\users\joang\documents\master\toolscripts\mvd_toolscripting\finalwork\alun_alberto_tools\mvd_engine_tools.ilk
c:\users\joang\documents\master\toolscripts\mvd_toolscripting\finalwork\alun_alberto_tools\mvd_engine_tools.pdb
c:\users\joang\documents\master\toolscripts\mvd_toolscripting\finalwork\alun_alberto_tools\visual_studio\..\mvd_engine_tools.exe
c:\users\joang\documents\master\toolscripts\mvd_toolscripting\finalwork\alun_alberto_tools\visual_studio\x64\debug\mvd_engine_tools.tlog\cl.command.1.tlog
c:\users\joang\documents\master\toolscripts\mvd_toolscripting\finalwork\alun_alberto_tools\visual_studio\x64\debug\mvd_engine_tools.tlog\cl.read.1.tlog
c:\users\joang\documents\master\toolscripts\mvd_toolscripting\finalwork\alun_alberto_tools\visual_studio\x64\debug\mvd_engine_tools.tlog\cl.write.1.tlog
c:\users\joang\documents\master\toolscripts\mvd_toolscripting\finalwork\alun_alberto_tools\visual_studio\x64\debug\mvd_engine_tools.tlog\link.command.1.tlog
c:\users\joang\documents\master\toolscripts\mvd_toolscripting\finalwork\alun_alberto_tools\visual_studio\x64\debug\mvd_engine_tools.tlog\link.read.1.tlog
c:\users\joang\documents\master\toolscripts\mvd_toolscripting\finalwork\alun_alberto_tools\visual_studio\x64\debug\mvd_engine_tools.tlog\link.write.1.tlog
